<?xml version="1.0" encoding="UTF-8"?>
<!-- Generated by org.testng.reporters.JUnitXMLReporter -->
<testsuite hostname="HARSHA-PC" ignored="0" name="Test" tests="4" failures="0" timestamp="2020-04-13T08:09:21 IST" time="140.364" errors="0">
  <testcase name="login" time="21.794" classname="com.Demoblaze.TestRunner.TestRunner"/>
  <testcase name="login" time="21.871" classname="com.Demoblaze.TestRunner.TestRunner"/>
  <testcase name="login" time="70.623" classname="com.Demoblaze.TestRunner.TestRunner"/>
  <testcase name="login" time="25.268" classname="com.Demoblaze.TestRunner.TestRunner"/>
</testsuite> <!-- Test -->
