<?xml version="1.0" encoding="UTF-8"?>
<testng-results skipped="0" failed="0" ignored="0" total="4" passed="4">
  <reporter-output>
  </reporter-output>
  <suite name="Demoblaze_Suite" duration-ms="135824" started-at="2020-04-13T14:32:29 IST" finished-at="2020-04-13T14:34:45 IST">
    <groups>
    </groups>
    <test name="Demoblaze_Test" duration-ms="135824" started-at="2020-04-13T14:32:29 IST" finished-at="2020-04-13T14:34:45 IST">
      <class name="com.Demoblaze.TestRunner.Login_TestRunner">
        <test-method status="PASS" signature="setUP()[pri:0, instance:com.Demoblaze.TestRunner.Login_TestRunner@69a3d1d]" name="setUP" is-config="true" duration-ms="58" started-at="2020-04-13T14:33:12 IST" finished-at="2020-04-13T14:33:12 IST">
          <reporter-output>
          </reporter-output>
        </test-method> <!-- setUP -->
        <test-method status="PASS" signature="login(cucumber.api.testng.CucumberFeatureWrapper)[pri:0, instance:com.Demoblaze.TestRunner.Login_TestRunner@69a3d1d]" name="login" duration-ms="25676" started-at="2020-04-13T14:33:12 IST" description="Test_Demoblaze" data-provider="features" finished-at="2020-04-13T14:33:38 IST">
          <params>
            <param index="0">
              <value>
                <![CDATA[Test Demoblaze Login Page]]>
              </value>
            </param>
          </params>
          <reporter-output>
          </reporter-output>
        </test-method> <!-- login -->
        <test-method status="PASS" signature="tearDown()[pri:0, instance:com.Demoblaze.TestRunner.Login_TestRunner@69a3d1d]" name="tearDown" is-config="true" duration-ms="11" started-at="2020-04-13T14:33:38 IST" finished-at="2020-04-13T14:33:38 IST">
          <reporter-output>
          </reporter-output>
        </test-method> <!-- tearDown -->
      </class> <!-- com.Demoblaze.TestRunner.Login_TestRunner -->
      <class name="com.Demoblaze.TestRunner.Contact_TestRunner">
        <test-method status="PASS" signature="setUP()[pri:0, instance:com.Demoblaze.TestRunner.Contact_TestRunner@480bdb19]" name="setUP" is-config="true" duration-ms="42" started-at="2020-04-13T14:34:21 IST" finished-at="2020-04-13T14:34:21 IST">
          <reporter-output>
          </reporter-output>
        </test-method> <!-- setUP -->
        <test-method status="PASS" signature="login(cucumber.api.testng.CucumberFeatureWrapper)[pri:0, instance:com.Demoblaze.TestRunner.Contact_TestRunner@480bdb19]" name="login" duration-ms="23928" started-at="2020-04-13T14:34:21 IST" description="Test_Demoblaze" data-provider="features" finished-at="2020-04-13T14:34:45 IST">
          <params>
            <param index="0">
              <value>
                <![CDATA[Test Demoblaze contact scenario]]>
              </value>
            </param>
          </params>
          <reporter-output>
          </reporter-output>
        </test-method> <!-- login -->
        <test-method status="PASS" signature="tearDown()[pri:0, instance:com.Demoblaze.TestRunner.Contact_TestRunner@480bdb19]" name="tearDown" is-config="true" duration-ms="8" started-at="2020-04-13T14:34:45 IST" finished-at="2020-04-13T14:34:45 IST">
          <reporter-output>
          </reporter-output>
        </test-method> <!-- tearDown -->
      </class> <!-- com.Demoblaze.TestRunner.Contact_TestRunner -->
      <class name="com.Demoblaze.TestRunner.PlacingOrder_TestRunner">
        <test-method status="PASS" signature="setUP()[pri:0, instance:com.Demoblaze.TestRunner.PlacingOrder_TestRunner@86be70a]" name="setUP" is-config="true" duration-ms="37" started-at="2020-04-13T14:33:38 IST" finished-at="2020-04-13T14:33:38 IST">
          <reporter-output>
          </reporter-output>
        </test-method> <!-- setUP -->
        <test-method status="PASS" signature="login(cucumber.api.testng.CucumberFeatureWrapper)[pri:0, instance:com.Demoblaze.TestRunner.PlacingOrder_TestRunner@86be70a]" name="login" duration-ms="42882" started-at="2020-04-13T14:33:38 IST" description="Test_Demoblaze" data-provider="features" finished-at="2020-04-13T14:34:21 IST">
          <params>
            <param index="0">
              <value>
                <![CDATA[Test Demoblaze product ordering]]>
              </value>
            </param>
          </params>
          <reporter-output>
          </reporter-output>
        </test-method> <!-- login -->
        <test-method status="PASS" signature="tearDown()[pri:0, instance:com.Demoblaze.TestRunner.PlacingOrder_TestRunner@86be70a]" name="tearDown" is-config="true" duration-ms="16" started-at="2020-04-13T14:34:21 IST" finished-at="2020-04-13T14:34:21 IST">
          <reporter-output>
          </reporter-output>
        </test-method> <!-- tearDown -->
      </class> <!-- com.Demoblaze.TestRunner.PlacingOrder_TestRunner -->
      <class name="com.Demoblaze.TestRunner.Signup_TestRunner">
        <test-method status="PASS" signature="setUP()[pri:0, instance:com.Demoblaze.TestRunner.Signup_TestRunner@4b553d26]" name="setUP" is-config="true" duration-ms="1639" started-at="2020-04-13T14:32:29 IST" finished-at="2020-04-13T14:32:31 IST">
          <reporter-output>
          </reporter-output>
        </test-method> <!-- setUP -->
        <test-method status="PASS" signature="login(cucumber.api.testng.CucumberFeatureWrapper)[pri:0, instance:com.Demoblaze.TestRunner.Signup_TestRunner@4b553d26]" name="login" duration-ms="40929" started-at="2020-04-13T14:32:31 IST" description="Test_Demoblaze" data-provider="features" finished-at="2020-04-13T14:33:12 IST">
          <params>
            <param index="0">
              <value>
                <![CDATA[Test Demoblaze SignUp]]>
              </value>
            </param>
          </params>
          <reporter-output>
          </reporter-output>
        </test-method> <!-- login -->
        <test-method status="PASS" signature="tearDown()[pri:0, instance:com.Demoblaze.TestRunner.Signup_TestRunner@4b553d26]" name="tearDown" is-config="true" duration-ms="119" started-at="2020-04-13T14:33:12 IST" finished-at="2020-04-13T14:33:12 IST">
          <reporter-output>
          </reporter-output>
        </test-method> <!-- tearDown -->
      </class> <!-- com.Demoblaze.TestRunner.Signup_TestRunner -->
    </test> <!-- Demoblaze_Test -->
  </suite> <!-- Demoblaze_Suite -->
</testng-results>
