<?xml version="1.0" encoding="UTF-8"?>
<!-- Generated by org.testng.reporters.JUnitXMLReporter -->
<testsuite hostname="HARSHA-PC" ignored="0" name="Demoblaze_Test" tests="4" failures="0" timestamp="2020-04-13T14:34:45 IST" time="135.824" errors="0">
  <testcase name="login" time="40.929" classname="com.Demoblaze.TestRunner.Signup_TestRunner"/>
  <testcase name="login" time="25.676" classname="com.Demoblaze.TestRunner.Login_TestRunner"/>
  <testcase name="login" time="42.882" classname="com.Demoblaze.TestRunner.PlacingOrder_TestRunner"/>
  <testcase name="login" time="23.928" classname="com.Demoblaze.TestRunner.Contact_TestRunner"/>
</testsuite> <!-- Demoblaze_Test -->
